<?xml version="1.0" encoding="UTF-8"?>
<testng-results ignored="0" total="2" passed="2" failed="0" skipped="0">
  <reporter-output>
  </reporter-output>
  <suite started-at="2025-12-08T21:30:56 IST" name="Default suite" finished-at="2025-12-08T21:31:08 IST" duration-ms="11704">
    <groups>
    </groups>
    <test started-at="2025-12-08T21:30:56 IST" name="Default test" finished-at="2025-12-08T21:31:08 IST" duration-ms="11704">
      <class name="com.soucedemo.ui.LoginTest">
        <test-method is-config="true" signature="SetUp()[pri:0, instance:com.soucedemo.ui.LoginTest@7cc0cdad]" started-at="2025-12-08T21:30:57 IST" name="SetUp" finished-at="2025-12-08T21:31:01 IST" duration-ms="4439" status="PASS">
          <reporter-output>
          </reporter-output>
        </test-method> <!-- SetUp -->
        <test-method is-config="true" signature="PageSetUP()[pri:0, instance:com.soucedemo.ui.LoginTest@7cc0cdad]" started-at="2025-12-08T21:31:01 IST" name="PageSetUP" finished-at="2025-12-08T21:31:01 IST" duration-ms="50" status="PASS">
          <reporter-output>
          </reporter-output>
        </test-method> <!-- PageSetUP -->
        <test-method signature="eneTest()[pri:0, instance:com.soucedemo.ui.LoginTest@7cc0cdad]" started-at="2025-12-08T21:31:01 IST" name="eneTest" finished-at="2025-12-08T21:31:04 IST" duration-ms="2698" status="PASS">
          <reporter-output>
          </reporter-output>
        </test-method> <!-- eneTest -->
        <test-method is-config="true" signature="tearDown()[pri:0, instance:com.soucedemo.ui.LoginTest@7cc0cdad]" started-at="2025-12-08T21:31:04 IST" name="tearDown" finished-at="2025-12-08T21:31:04 IST" duration-ms="369" status="PASS">
          <reporter-output>
          </reporter-output>
        </test-method> <!-- tearDown -->
        <test-method is-config="true" signature="SetUp()[pri:0, instance:com.soucedemo.ui.LoginTest@7cc0cdad]" started-at="2025-12-08T21:31:04 IST" name="SetUp" finished-at="2025-12-08T21:31:07 IST" duration-ms="2983" status="PASS">
          <reporter-output>
          </reporter-output>
        </test-method> <!-- SetUp -->
        <test-method is-config="true" signature="PageSetUP()[pri:0, instance:com.soucedemo.ui.LoginTest@7cc0cdad]" started-at="2025-12-08T21:31:07 IST" name="PageSetUP" finished-at="2025-12-08T21:31:07 IST" duration-ms="3" status="PASS">
          <reporter-output>
          </reporter-output>
        </test-method> <!-- PageSetUP -->
        <test-method signature="invalidLoginTest()[pri:0, instance:com.soucedemo.ui.LoginTest@7cc0cdad]" started-at="2025-12-08T21:31:07 IST" name="invalidLoginTest" finished-at="2025-12-08T21:31:08 IST" duration-ms="756" status="PASS">
          <reporter-output>
          </reporter-output>
        </test-method> <!-- invalidLoginTest -->
        <test-method is-config="true" signature="tearDown()[pri:0, instance:com.soucedemo.ui.LoginTest@7cc0cdad]" started-at="2025-12-08T21:31:08 IST" name="tearDown" finished-at="2025-12-08T21:31:08 IST" duration-ms="315" status="PASS">
          <reporter-output>
          </reporter-output>
        </test-method> <!-- tearDown -->
      </class> <!-- com.soucedemo.ui.LoginTest -->
    </test> <!-- Default test -->
  </suite> <!-- Default suite -->
</testng-results>
